#-----------------------------------------------------------
# Vivado v2018.2 (64-bit)
# SW Build 2258646 on Thu Jun 14 20:02:38 MDT 2018
# IP Build 2256618 on Thu Jun 14 22:10:49 MDT 2018
# Start of session at: Tue Jul  2 11:21:43 2019
# Process ID: 28661
# Current directory: /home/mowaidah/gits/nfa-bre/sdx/mct-nfa/vivado_rtl_kernel/mct_ex
# Command line: vivado -notrace -source /home/mowaidah/gits/nfa-bre/sdx/mct-nfa/vivado_rtl_kernel/vivado_rtl_kernel.srcs/sources_1/ip/mct/mct_ex.tcl
# Log file: /home/mowaidah/gits/nfa-bre/sdx/mct-nfa/vivado_rtl_kernel/mct_ex/vivado.log
# Journal file: /home/mowaidah/gits/nfa-bre/sdx/mct-nfa/vivado_rtl_kernel/mct_ex/vivado.jou
#-----------------------------------------------------------
start_gui
source /home/mowaidah/gits/nfa-bre/sdx/mct-nfa/vivado_rtl_kernel/vivado_rtl_kernel.srcs/sources_1/ip/mct/mct_ex.tcl -notrace
INFO: [open_example_project] Creating new example project...
INFO: [IP_Flow 19-234] Refreshing IP repositories
INFO: [IP_Flow 19-1704] No user IP repositories specified
INFO: [IP_Flow 19-2313] Loaded Vivado IP repository '/opt/Xilinx/Vivado/2018.2/data/ip'.
create_project: Time (s): cpu = 00:00:12 ; elapsed = 00:00:06 . Memory (MB): peak = 6184.410 ; gain = 166.762 ; free physical = 4601 ; free virtual = 29009
INFO: [open_example_project] Importing original IP ...
INFO: [open_example_project] Generating the example project IP ...
INFO: [open_example_project] Adding example synthesis HDL files ...
INFO: [open_example_project] Adding example synthesis miscellaneous files ...
INFO: [open_example_project] Adding example XDC files ...
INFO: [open_example_project] Adding simulation HDL files ...
INFO: [open_example_project] Sourcing example extension scripts ...
INFO: [open_example_project] Rebuilding all the top level IPs ...
INFO: [IP_Flow 19-1686] Generating 'Instantiation Template' target for IP 'slv_m00_axi_vip'...
INFO: [IP_Flow 19-1686] Generating 'Synthesis' target for IP 'slv_m00_axi_vip'...
INFO: [IP_Flow 19-1686] Generating 'Simulation' target for IP 'slv_m00_axi_vip'...
INFO: [IP_Flow 19-1686] Generating 'Change Log' target for IP 'slv_m00_axi_vip'...
INFO: [IP_Flow 19-1686] Generating 'Instantiation Template' target for IP 'control_mct_vip'...
INFO: [IP_Flow 19-1686] Generating 'Synthesis' target for IP 'control_mct_vip'...
INFO: [IP_Flow 19-1686] Generating 'Simulation' target for IP 'control_mct_vip'...
INFO: [IP_Flow 19-1686] Generating 'Change Log' target for IP 'control_mct_vip'...
WARNING: [Vivado 12-3672] The is_managed property should only be queried on the file object representing this IP. Use the get_files command to access file objects.
WARNING: [Vivado 12-3670] The generate_synth_checkpoint property should only be queried on the file object representing this IP. Use the get_files command to access file objects.
WARNING: [Vivado 12-3672] The is_managed property should only be queried on the file object representing this IP. Use the get_files command to access file objects.
WARNING: [Vivado 12-3670] The generate_synth_checkpoint property should only be queried on the file object representing this IP. Use the get_files command to access file objects.
INFO: [exportsim-Tcl-35] Exporting simulation files for "XSIM" (Xilinx Vivado Simulator)...
WARNING: [Vivado 12-3672] The is_managed property should only be queried on the file object representing this IP. Use the get_files command to access file objects.
WARNING: [Vivado 12-3670] The generate_synth_checkpoint property should only be queried on the file object representing this IP. Use the get_files command to access file objects.
INFO: [exportsim-Tcl-29] Script generated: '/home/mowaidah/gits/nfa-bre/sdx/mct-nfa/vivado_rtl_kernel/mct_ex/mct_ex.ip_user_files/sim_scripts/slv_m00_axi_vip/xsim/slv_m00_axi_vip.sh'
INFO: [exportsim-Tcl-35] Exporting simulation files for "MODELSIM" (Mentor Graphics ModelSim Simulator)...
WARNING: [Vivado 12-3672] The is_managed property should only be queried on the file object representing this IP. Use the get_files command to access file objects.
WARNING: [Vivado 12-3670] The generate_synth_checkpoint property should only be queried on the file object representing this IP. Use the get_files command to access file objects.
INFO: [exportsim-Tcl-29] Script generated: '/home/mowaidah/gits/nfa-bre/sdx/mct-nfa/vivado_rtl_kernel/mct_ex/mct_ex.ip_user_files/sim_scripts/slv_m00_axi_vip/modelsim/slv_m00_axi_vip.sh'
INFO: [exportsim-Tcl-35] Exporting simulation files for "QUESTA" (Mentor Graphics Questa Advanced Simulator)...
WARNING: [Vivado 12-3672] The is_managed property should only be queried on the file object representing this IP. Use the get_files command to access file objects.
WARNING: [Vivado 12-3670] The generate_synth_checkpoint property should only be queried on the file object representing this IP. Use the get_files command to access file objects.
INFO: [exportsim-Tcl-29] Script generated: '/home/mowaidah/gits/nfa-bre/sdx/mct-nfa/vivado_rtl_kernel/mct_ex/mct_ex.ip_user_files/sim_scripts/slv_m00_axi_vip/questa/slv_m00_axi_vip.sh'
INFO: [exportsim-Tcl-35] Exporting simulation files for "IES" (Cadence Incisive Enterprise Simulator)...
WARNING: [Vivado 12-3672] The is_managed property should only be queried on the file object representing this IP. Use the get_files command to access file objects.
WARNING: [Vivado 12-3670] The generate_synth_checkpoint property should only be queried on the file object representing this IP. Use the get_files command to access file objects.
INFO: [exportsim-Tcl-29] Script generated: '/home/mowaidah/gits/nfa-bre/sdx/mct-nfa/vivado_rtl_kernel/mct_ex/mct_ex.ip_user_files/sim_scripts/slv_m00_axi_vip/ies/slv_m00_axi_vip.sh'
INFO: [exportsim-Tcl-35] Exporting simulation files for "VCS" (Synopsys Verilog Compiler Simulator)...
WARNING: [Vivado 12-3672] The is_managed property should only be queried on the file object representing this IP. Use the get_files command to access file objects.
WARNING: [Vivado 12-3670] The generate_synth_checkpoint property should only be queried on the file object representing this IP. Use the get_files command to access file objects.
INFO: [exportsim-Tcl-29] Script generated: '/home/mowaidah/gits/nfa-bre/sdx/mct-nfa/vivado_rtl_kernel/mct_ex/mct_ex.ip_user_files/sim_scripts/slv_m00_axi_vip/vcs/slv_m00_axi_vip.sh'
INFO: [exportsim-Tcl-35] Exporting simulation files for "RIVIERA" (Aldec Riviera-PRO Simulator)...
WARNING: [Vivado 12-3672] The is_managed property should only be queried on the file object representing this IP. Use the get_files command to access file objects.
WARNING: [Vivado 12-3670] The generate_synth_checkpoint property should only be queried on the file object representing this IP. Use the get_files command to access file objects.
INFO: [exportsim-Tcl-29] Script generated: '/home/mowaidah/gits/nfa-bre/sdx/mct-nfa/vivado_rtl_kernel/mct_ex/mct_ex.ip_user_files/sim_scripts/slv_m00_axi_vip/riviera/slv_m00_axi_vip.sh'
INFO: [exportsim-Tcl-35] Exporting simulation files for "ACTIVEHDL" (Aldec Active-HDL Simulator)...
WARNING: [Vivado 12-3672] The is_managed property should only be queried on the file object representing this IP. Use the get_files command to access file objects.
WARNING: [Vivado 12-3670] The generate_synth_checkpoint property should only be queried on the file object representing this IP. Use the get_files command to access file objects.
INFO: [exportsim-Tcl-29] Script generated: '/home/mowaidah/gits/nfa-bre/sdx/mct-nfa/vivado_rtl_kernel/mct_ex/mct_ex.ip_user_files/sim_scripts/slv_m00_axi_vip/activehdl/slv_m00_axi_vip.sh'
INFO: [exportsim-Tcl-35] Exporting simulation files for "XCELIUM" (Cadence Xcelium Parallel Simulator)...
WARNING: [Vivado 12-3672] The is_managed property should only be queried on the file object representing this IP. Use the get_files command to access file objects.
WARNING: [Vivado 12-3670] The generate_synth_checkpoint property should only be queried on the file object representing this IP. Use the get_files command to access file objects.
INFO: [exportsim-Tcl-29] Script generated: '/home/mowaidah/gits/nfa-bre/sdx/mct-nfa/vivado_rtl_kernel/mct_ex/mct_ex.ip_user_files/sim_scripts/slv_m00_axi_vip/xcelium/slv_m00_axi_vip.sh'
INFO: [exportsim-Tcl-35] Exporting simulation files for "XSIM" (Xilinx Vivado Simulator)...
WARNING: [Vivado 12-3672] The is_managed property should only be queried on the file object representing this IP. Use the get_files command to access file objects.
WARNING: [Vivado 12-3670] The generate_synth_checkpoint property should only be queried on the file object representing this IP. Use the get_files command to access file objects.
INFO: [exportsim-Tcl-29] Script generated: '/home/mowaidah/gits/nfa-bre/sdx/mct-nfa/vivado_rtl_kernel/mct_ex/mct_ex.ip_user_files/sim_scripts/control_mct_vip/xsim/control_mct_vip.sh'
INFO: [exportsim-Tcl-35] Exporting simulation files for "MODELSIM" (Mentor Graphics ModelSim Simulator)...
WARNING: [Vivado 12-3672] The is_managed property should only be queried on the file object representing this IP. Use the get_files command to access file objects.
WARNING: [Vivado 12-3670] The generate_synth_checkpoint property should only be queried on the file object representing this IP. Use the get_files command to access file objects.
INFO: [exportsim-Tcl-29] Script generated: '/home/mowaidah/gits/nfa-bre/sdx/mct-nfa/vivado_rtl_kernel/mct_ex/mct_ex.ip_user_files/sim_scripts/control_mct_vip/modelsim/control_mct_vip.sh'
INFO: [exportsim-Tcl-35] Exporting simulation files for "QUESTA" (Mentor Graphics Questa Advanced Simulator)...
WARNING: [Vivado 12-3672] The is_managed property should only be queried on the file object representing this IP. Use the get_files command to access file objects.
WARNING: [Vivado 12-3670] The generate_synth_checkpoint property should only be queried on the file object representing this IP. Use the get_files command to access file objects.
INFO: [exportsim-Tcl-29] Script generated: '/home/mowaidah/gits/nfa-bre/sdx/mct-nfa/vivado_rtl_kernel/mct_ex/mct_ex.ip_user_files/sim_scripts/control_mct_vip/questa/control_mct_vip.sh'
INFO: [exportsim-Tcl-35] Exporting simulation files for "IES" (Cadence Incisive Enterprise Simulator)...
WARNING: [Vivado 12-3672] The is_managed property should only be queried on the file object representing this IP. Use the get_files command to access file objects.
WARNING: [Vivado 12-3670] The generate_synth_checkpoint property should only be queried on the file object representing this IP. Use the get_files command to access file objects.
INFO: [exportsim-Tcl-29] Script generated: '/home/mowaidah/gits/nfa-bre/sdx/mct-nfa/vivado_rtl_kernel/mct_ex/mct_ex.ip_user_files/sim_scripts/control_mct_vip/ies/control_mct_vip.sh'
INFO: [exportsim-Tcl-35] Exporting simulation files for "VCS" (Synopsys Verilog Compiler Simulator)...
WARNING: [Vivado 12-3672] The is_managed property should only be queried on the file object representing this IP. Use the get_files command to access file objects.
WARNING: [Vivado 12-3670] The generate_synth_checkpoint property should only be queried on the file object representing this IP. Use the get_files command to access file objects.
INFO: [exportsim-Tcl-29] Script generated: '/home/mowaidah/gits/nfa-bre/sdx/mct-nfa/vivado_rtl_kernel/mct_ex/mct_ex.ip_user_files/sim_scripts/control_mct_vip/vcs/control_mct_vip.sh'
INFO: [exportsim-Tcl-35] Exporting simulation files for "RIVIERA" (Aldec Riviera-PRO Simulator)...
WARNING: [Vivado 12-3672] The is_managed property should only be queried on the file object representing this IP. Use the get_files command to access file objects.
WARNING: [Vivado 12-3670] The generate_synth_checkpoint property should only be queried on the file object representing this IP. Use the get_files command to access file objects.
INFO: [exportsim-Tcl-29] Script generated: '/home/mowaidah/gits/nfa-bre/sdx/mct-nfa/vivado_rtl_kernel/mct_ex/mct_ex.ip_user_files/sim_scripts/control_mct_vip/riviera/control_mct_vip.sh'
INFO: [exportsim-Tcl-35] Exporting simulation files for "ACTIVEHDL" (Aldec Active-HDL Simulator)...
WARNING: [Vivado 12-3672] The is_managed property should only be queried on the file object representing this IP. Use the get_files command to access file objects.
WARNING: [Vivado 12-3670] The generate_synth_checkpoint property should only be queried on the file object representing this IP. Use the get_files command to access file objects.
INFO: [exportsim-Tcl-29] Script generated: '/home/mowaidah/gits/nfa-bre/sdx/mct-nfa/vivado_rtl_kernel/mct_ex/mct_ex.ip_user_files/sim_scripts/control_mct_vip/activehdl/control_mct_vip.sh'
INFO: [exportsim-Tcl-35] Exporting simulation files for "XCELIUM" (Cadence Xcelium Parallel Simulator)...
WARNING: [Vivado 12-3672] The is_managed property should only be queried on the file object representing this IP. Use the get_files command to access file objects.
WARNING: [Vivado 12-3670] The generate_synth_checkpoint property should only be queried on the file object representing this IP. Use the get_files command to access file objects.
INFO: [exportsim-Tcl-29] Script generated: '/home/mowaidah/gits/nfa-bre/sdx/mct-nfa/vivado_rtl_kernel/mct_ex/mct_ex.ip_user_files/sim_scripts/control_mct_vip/xcelium/control_mct_vip.sh'
export_ip_user_files: Time (s): cpu = 00:00:07 ; elapsed = 00:00:08 . Memory (MB): peak = 6612.824 ; gain = 0.000 ; free physical = 4447 ; free virtual = 28871
INFO: [open_example_project] Open Example Project completed
update_compile_order -fileset sources_1
update_compile_order -fileset sources_1
add_files -norecurse {/home/mowaidah/gits/nfa-bre/sdx/mct-nfa/vivado_rtl_kernel/mct_ex/imports/InputChannel.sv /home/mowaidah/gits/nfa-bre/sdx/mct-nfa/vivado_rtl_kernel/mct_ex/imports/mct_axi_write_master.sv /home/mowaidah/gits/nfa-bre/sdx/mct-nfa/vivado_rtl_kernel/mct_ex/imports/mct_top.sv /home/mowaidah/gits/nfa-bre/sdx/mct-nfa/vivado_rtl_kernel/mct_ex/imports/mct_wrapper.vhd /home/mowaidah/gits/nfa-bre/sdx/mct-nfa/vivado_rtl_kernel/mct_ex/imports/mct_counter.sv /home/mowaidah/gits/nfa-bre/sdx/mct-nfa/vivado_rtl_kernel/mct_ex/imports/mct_axi_read_master.sv}
update_compile_order -fileset sources_1
export_ip_user_files -of_objects  [get_files /home/mowaidah/gits/nfa-bre/sdx/mct-nfa/vivado_rtl_kernel/mct_ex/imports/mct_example_adder.v] -no_script -reset -force -quiet
export_ip_user_files -of_objects  [get_files /home/mowaidah/gits/nfa-bre/sdx/mct-nfa/vivado_rtl_kernel/mct_ex/imports/mct_example.sv] -no_script -reset -force -quiet
export_ip_user_files -of_objects  [get_files /home/mowaidah/gits/nfa-bre/sdx/mct-nfa/vivado_rtl_kernel/mct_ex/imports/mct_example_axi_read_master.sv] -no_script -reset -force -quiet
export_ip_user_files -of_objects  [get_files /home/mowaidah/gits/nfa-bre/sdx/mct-nfa/vivado_rtl_kernel/mct_ex/imports/mct_example_axi_write_master.sv] -no_script -reset -force -quiet
export_ip_user_files -of_objects  [get_files /home/mowaidah/gits/nfa-bre/sdx/mct-nfa/vivado_rtl_kernel/mct_ex/imports/mct_example_counter.sv] -no_script -reset -force -quiet
export_ip_user_files -of_objects  [get_files /home/mowaidah/gits/nfa-bre/sdx/mct-nfa/vivado_rtl_kernel/mct_ex/imports/mct_example_vadd.sv] -no_script -reset -force -quiet
remove_files  {/home/mowaidah/gits/nfa-bre/sdx/mct-nfa/vivado_rtl_kernel/mct_ex/imports/mct_example_adder.v /home/mowaidah/gits/nfa-bre/sdx/mct-nfa/vivado_rtl_kernel/mct_ex/imports/mct_example.sv /home/mowaidah/gits/nfa-bre/sdx/mct-nfa/vivado_rtl_kernel/mct_ex/imports/mct_example_axi_read_master.sv /home/mowaidah/gits/nfa-bre/sdx/mct-nfa/vivado_rtl_kernel/mct_ex/imports/mct_example_axi_write_master.sv /home/mowaidah/gits/nfa-bre/sdx/mct-nfa/vivado_rtl_kernel/mct_ex/imports/mct_example_counter.sv /home/mowaidah/gits/nfa-bre/sdx/mct-nfa/vivado_rtl_kernel/mct_ex/imports/mct_example_vadd.sv}
update_compile_order -fileset sources_1
